<?xml version="1.0" encoding="UTF-8"?>
<!-- Generated by org.testng.reporters.JUnitReportReporter -->
<testsuite hostname="apzz0928-PC" name="gameMng_Selenide" tests="26" failures="0" timestamp="26 Sep 2017 08:30:16 GMT" time="186.629" errors="0">
  <testcase name="slangWord" time="16.682" classname="gameMng_Selenide"/>
  <testcase name="ingameGuide" time="10.490" classname="gameMng_Selenide"/>
  <testcase name="systemMessage" time="9.369" classname="gameMng_Selenide"/>
  <testcase name="ingameNotice_statusChange" time="6.391" classname="gameMng_Selenide"/>
  <testcase name="onlineUser" time="2.584" classname="gameMng_Selenide"/>
  <testcase name="mailout" time="2.238" classname="gameMng_Selenide"/>
  <testcase name="serverStatus" time="12.247" classname="gameMng_Selenide"/>
  <testcase name="kickUser" time="3.261" classname="gameMng_Selenide"/>
  <testcase name="ingameGuide" time="8.105" classname="gameMng_Selenide"/>
  <testcase name="Login" time="3.198" classname="gameMng_Selenide"/>
  <testcase name="systemMessage" time="15.927" classname="gameMng_Selenide"/>
  <testcase name="Login" time="3.322" classname="gameMng_Selenide"/>
  <testcase name="burningEvent" time="10.307" classname="gameMng_Selenide"/>
  <testcase name="kickUser" time="2.613" classname="gameMng_Selenide"/>
  <testcase name="ingameNotice_add" time="5.404" classname="gameMng_Selenide"/>
  <testcase name="semdMail" time="6.528" classname="gameMng_Selenide"/>
  <testcase name="slangWord" time="15.273" classname="gameMng_Selenide"/>
  <testcase name="burningEvent" time="5.820" classname="gameMng_Selenide"/>
  <testcase name="ingameNotice_statusChange" time="9.005" classname="gameMng_Selenide"/>
  <testcase name="serverStatus" time="7.804" classname="gameMng_Selenide"/>
  <testcase name="limitDrop" time="4.171" classname="gameMng_Selenide"/>
  <testcase name="semdMail" time="7.436" classname="gameMng_Selenide"/>
  <testcase name="mailout" time="2.699" classname="gameMng_Selenide"/>
  <testcase name="limitDrop" time="9.467" classname="gameMng_Selenide"/>
  <testcase name="ingameNotice_add" time="4.489" classname="gameMng_Selenide"/>
  <testcase name="onlineUser" time="1.799" classname="gameMng_Selenide"/>
</testsuite> <!-- gameMng_Selenide -->
