<?xml version="1.0" encoding="UTF-8"?>
<!-- Generated by org.testng.reporters.JUnitReportReporter -->
<testsuite hostname="apzz0928-PC" name="authMng_Selenide" tests="28" failures="0" timestamp="27 Sep 2017 07:13:50 GMT" time="136.766" errors="0">
  <testcase name="authorityMenu_detailMenu_edit" time="2.591" classname="authMng_Selenide"/>
  <testcase name="Login" time="4.535" classname="authMng_Selenide"/>
  <testcase name="authorityMenu_detailMenu_menuOrder" time="3.833" classname="authMng_Selenide"/>
  <testcase name="ctMember_addMember_add" time="3.564" classname="authMng_Selenide"/>
  <testcase name="authorityMenu_detailMenu_del" time="1.890" classname="authMng_Selenide"/>
  <testcase name="authorityMenu_keywordSearch" time="0.389" classname="authMng_Selenide"/>
  <testcase name="authorityMenu_groupOrder" time="4.210" classname="authMng_Selenide"/>
  <testcase name="authorityMenu_detailMenu_add" time="2.571" classname="authMng_Selenide"/>
  <testcase name="authorityGroupMng_Member" time="4.360" classname="authMng_Selenide"/>
  <testcase name="ctMember_addMember_add" time="3.082" classname="authMng_Selenide"/>
  <testcase name="authorityMenu_detailMenu_edit" time="2.854" classname="authMng_Selenide"/>
  <testcase name="authorityMenu_detailMenu_add" time="3.053" classname="authMng_Selenide"/>
  <testcase name="authorityMenu_groupOrder" time="5.545" classname="authMng_Selenide"/>
  <testcase name="ctMember_addMember_resetPW_del" time="3.981" classname="authMng_Selenide"/>
  <testcase name="ctMember_addMember_edit" time="2.843" classname="authMng_Selenide"/>
  <testcase name="authorityMenu_keywordSearch" time="0.863" classname="authMng_Selenide"/>
  <testcase name="authorityMenu_detailMenu_del" time="0.931" classname="authMng_Selenide"/>
  <testcase name="groupListByAdmin" time="2.598" classname="authMng_Selenide"/>
  <testcase name="ctActionLog" time="27.457" classname="authMng_Selenide"/>
  <testcase name="groupListByAdmin" time="2.001" classname="authMng_Selenide"/>
  <testcase name="authorityGroupMng_Menu" time="8.018" classname="authMng_Selenide"/>
  <testcase name="ctMember_addMember_edit" time="2.389" classname="authMng_Selenide"/>
  <testcase name="ctMember_addMember_resetPW_del" time="2.023" classname="authMng_Selenide"/>
  <testcase name="Login" time="2.936" classname="authMng_Selenide"/>
  <testcase name="authorityGroupMng_Member" time="1.487" classname="authMng_Selenide"/>
  <testcase name="authorityMenu_detailMenu_menuOrder" time="2.645" classname="authMng_Selenide"/>
  <testcase name="ctActionLog" time="29.431" classname="authMng_Selenide"/>
  <testcase name="authorityGroupMng_Menu" time="4.686" classname="authMng_Selenide"/>
</testsuite> <!-- authMng_Selenide -->
