<?xml version="1.0" encoding="UTF-8"?>
<!-- Generated by org.testng.reporters.JUnitReportReporter -->
<testsuite hostname="apzz0928-PC" name="gameMng_Selenide" tests="28" failures="0" timestamp="17 Oct 2017 03:03:12 GMT" time="238.781" errors="0">
  <testcase name="systemMessage" time="9.808" classname="gameMng_Selenide"/>
  <testcase name="systemMessage" time="17.694" classname="gameMng_Selenide"/>
  <testcase name="serverStatus" time="11.747" classname="gameMng_Selenide"/>
  <testcase name="kickUser" time="3.216" classname="gameMng_Selenide"/>
  <testcase name="ingameNotice_add" time="5.795" classname="gameMng_Selenide"/>
  <testcase name="ingameNotice_statusChange" time="9.027" classname="gameMng_Selenide"/>
  <testcase name="pvpSchedule" time="13.843" classname="gameMng_Selenide"/>
  <testcase name="ingameNotice_add" time="6.529" classname="gameMng_Selenide"/>
  <testcase name="slangWord" time="23.361" classname="gameMng_Selenide"/>
  <testcase name="slangWord" time="20.943" classname="gameMng_Selenide"/>
  <testcase name="ingameNotice_statusChange" time="6.801" classname="gameMng_Selenide"/>
  <testcase name="onlineUser" time="1.960" classname="gameMng_Selenide"/>
  <testcase name="limitDrop" time="11.415" classname="gameMng_Selenide"/>
  <testcase name="kickUser" time="2.569" classname="gameMng_Selenide"/>
  <testcase name="mailout" time="2.630" classname="gameMng_Selenide"/>
  <testcase name="ingameGuide" time="10.341" classname="gameMng_Selenide"/>
  <testcase name="onlineUser" time="1.773" classname="gameMng_Selenide"/>
  <testcase name="Login" time="3.729" classname="gameMng_Selenide"/>
  <testcase name="mailout" time="1.890" classname="gameMng_Selenide"/>
  <testcase name="pvpSchedule" time="14.298" classname="gameMng_Selenide"/>
  <testcase name="limitDrop" time="7.540" classname="gameMng_Selenide"/>
  <testcase name="burningEvent" time="10.442" classname="gameMng_Selenide"/>
  <testcase name="serverStatus" time="8.193" classname="gameMng_Selenide"/>
  <testcase name="semdMail" time="7.559" classname="gameMng_Selenide"/>
  <testcase name="Login" time="3.213" classname="gameMng_Selenide"/>
  <testcase name="ingameGuide" time="8.791" classname="gameMng_Selenide"/>
  <testcase name="semdMail" time="7.347" classname="gameMng_Selenide"/>
  <testcase name="burningEvent" time="6.327" classname="gameMng_Selenide"/>
</testsuite> <!-- gameMng_Selenide -->
