<?xml version="1.0" encoding="UTF-8"?>
<!-- Generated by org.testng.reporters.JUnitReportReporter -->
<testsuite hostname="apzz0928-PC" name="authMng_Selenide" tests="28" failures="0" timestamp="17 Oct 2017 05:29:48 GMT" time="157.606" errors="0">
  <testcase name="authorityMenu_groupOrder" time="5.957" classname="authMng_Selenide"/>
  <testcase name="authorityMenu_detailMenu_add" time="3.159" classname="authMng_Selenide"/>
  <testcase name="authorityMenu_detailMenu_del" time="0.984" classname="authMng_Selenide"/>
  <testcase name="Login" time="3.813" classname="authMng_Selenide"/>
  <testcase name="ctMember_addMember_edit" time="2.342" classname="authMng_Selenide"/>
  <testcase name="authorityGroupMng_Member" time="4.425" classname="authMng_Selenide"/>
  <testcase name="authorityMenu_keywordSearch" time="0.806" classname="authMng_Selenide"/>
  <testcase name="ctMember_addMember_edit" time="2.751" classname="authMng_Selenide"/>
  <testcase name="ctActionLog" time="35.384" classname="authMng_Selenide"/>
  <testcase name="groupListByAdmin" time="1.855" classname="authMng_Selenide"/>
  <testcase name="authorityMenu_detailMenu_add" time="2.440" classname="authMng_Selenide"/>
  <testcase name="authorityMenu_detailMenu_menuOrder" time="2.587" classname="authMng_Selenide"/>
  <testcase name="authorityMenu_keywordSearch" time="0.378" classname="authMng_Selenide"/>
  <testcase name="authorityGroupMng_Member" time="1.474" classname="authMng_Selenide"/>
  <testcase name="authorityGroupMng_Menu" time="7.906" classname="authMng_Selenide"/>
  <testcase name="Login" time="3.338" classname="authMng_Selenide"/>
  <testcase name="ctMember_addMember_add" time="3.644" classname="authMng_Selenide"/>
  <testcase name="authorityMenu_detailMenu_edit" time="2.984" classname="authMng_Selenide"/>
  <testcase name="authorityMenu_detailMenu_menuOrder" time="3.736" classname="authMng_Selenide"/>
  <testcase name="authorityMenu_groupOrder" time="5.457" classname="authMng_Selenide"/>
  <testcase name="authorityMenu_detailMenu_del" time="1.767" classname="authMng_Selenide"/>
  <testcase name="authorityGroupMng_Menu" time="4.472" classname="authMng_Selenide"/>
  <testcase name="ctMember_addMember_add" time="3.382" classname="authMng_Selenide"/>
  <testcase name="ctActionLog" time="41.476" classname="authMng_Selenide"/>
  <testcase name="authorityMenu_detailMenu_edit" time="2.257" classname="authMng_Selenide"/>
  <testcase name="groupListByAdmin" time="2.613" classname="authMng_Selenide"/>
  <testcase name="ctMember_addMember_resetPW_del" time="3.865" classname="authMng_Selenide"/>
  <testcase name="ctMember_addMember_resetPW_del" time="2.354" classname="authMng_Selenide"/>
</testsuite> <!-- authMng_Selenide -->
