<?xml version="1.0" encoding="UTF-8"?>
<!-- Generated by org.testng.reporters.JUnitReportReporter -->
<testsuite hostname="apzz0928-PC" name="gameMng_Selenide" tests="28" failures="0" timestamp="22 Sep 2017 05:27:43 GMT" time="259.012" errors="0">
  <testcase name="systemMessage" time="22.837" classname="gameMng_Selenide"/>
  <testcase name="semdMail" time="12.443" classname="gameMng_Selenide"/>
  <testcase name="Login" time="7.075" classname="gameMng_Selenide"/>
  <testcase name="limitDrop" time="9.318" classname="gameMng_Selenide"/>
  <testcase name="ingameNotice_add" time="8.844" classname="gameMng_Selenide"/>
  <testcase name="kickUser" time="4.707" classname="gameMng_Selenide"/>
  <testcase name="ingameNotice_statusChange" time="6.535" classname="gameMng_Selenide"/>
  <testcase name="burningEvent" time="17.591" classname="gameMng_Selenide"/>
  <testcase name="burningEvent" time="6.277" classname="gameMng_Selenide"/>
  <testcase name="onlineUser" time="1.795" classname="gameMng_Selenide"/>
  <testcase name="ingameNotice_statusChange" time="15.976" classname="gameMng_Selenide"/>
  <testcase name="slangWord" time="18.911" classname="gameMng_Selenide"/>
  <testcase name="pvpSchedule" time="8.662" classname="gameMng_Selenide"/>
  <testcase name="slangWord" time="21.522" classname="gameMng_Selenide"/>
  <testcase name="systemMessage" time="9.950" classname="gameMng_Selenide"/>
  <testcase name="kickUser" time="2.292" classname="gameMng_Selenide"/>
  <testcase name="serverStatus" time="12.697" classname="gameMng_Selenide"/>
  <testcase name="mailout" time="4.822" classname="gameMng_Selenide"/>
  <testcase name="onlineUser" time="1.992" classname="gameMng_Selenide"/>
  <testcase name="ingameNotice_add" time="6.967" classname="gameMng_Selenide"/>
  <testcase name="pvpSchedule" time="12.138" classname="gameMng_Selenide"/>
  <testcase name="ingameGuide" time="8.728" classname="gameMng_Selenide"/>
  <testcase name="mailout" time="2.131" classname="gameMng_Selenide"/>
  <testcase name="limitDrop" time="4.674" classname="gameMng_Selenide"/>
  <testcase name="serverStatus" time="8.898" classname="gameMng_Selenide"/>
  <testcase name="Login" time="2.970" classname="gameMng_Selenide"/>
  <testcase name="semdMail" time="7.765" classname="gameMng_Selenide"/>
  <testcase name="ingameGuide" time="10.495" classname="gameMng_Selenide"/>
</testsuite> <!-- gameMng_Selenide -->
