<?xml version="1.0" encoding="UTF-8"?>
<!-- Generated by org.testng.reporters.JUnitReportReporter -->
<testsuite hostname="apzz0928-PC" name="gameMng_Selenide" tests="28" failures="0" timestamp="25 Sep 2017 07:08:26 GMT" time="219.587" errors="0">
  <testcase name="semdMail" time="8.012" classname="gameMng_Selenide"/>
  <testcase name="ingameNotice_statusChange" time="8.988" classname="gameMng_Selenide"/>
  <testcase name="limitDrop" time="9.182" classname="gameMng_Selenide"/>
  <testcase name="kickUser" time="2.081" classname="gameMng_Selenide"/>
  <testcase name="slangWord" time="14.755" classname="gameMng_Selenide"/>
  <testcase name="systemMessage" time="9.811" classname="gameMng_Selenide"/>
  <testcase name="ingameNotice_statusChange" time="7.148" classname="gameMng_Selenide"/>
  <testcase name="Login" time="4.305" classname="gameMng_Selenide"/>
  <testcase name="onlineUser" time="1.718" classname="gameMng_Selenide"/>
  <testcase name="pvpSchedule" time="8.576" classname="gameMng_Selenide"/>
  <testcase name="Login" time="2.393" classname="gameMng_Selenide"/>
  <testcase name="systemMessage" time="17.930" classname="gameMng_Selenide"/>
  <testcase name="serverStatus" time="8.067" classname="gameMng_Selenide"/>
  <testcase name="burningEvent" time="6.221" classname="gameMng_Selenide"/>
  <testcase name="slangWord" time="15.652" classname="gameMng_Selenide"/>
  <testcase name="semdMail" time="7.791" classname="gameMng_Selenide"/>
  <testcase name="kickUser" time="3.499" classname="gameMng_Selenide"/>
  <testcase name="ingameGuide" time="8.340" classname="gameMng_Selenide"/>
  <testcase name="ingameNotice_add" time="5.695" classname="gameMng_Selenide"/>
  <testcase name="ingameGuide" time="10.816" classname="gameMng_Selenide"/>
  <testcase name="serverStatus" time="12.458" classname="gameMng_Selenide"/>
  <testcase name="onlineUser" time="5.239" classname="gameMng_Selenide"/>
  <testcase name="ingameNotice_add" time="7.522" classname="gameMng_Selenide"/>
  <testcase name="pvpSchedule" time="12.790" classname="gameMng_Selenide"/>
  <testcase name="limitDrop" time="4.582" classname="gameMng_Selenide"/>
  <testcase name="burningEvent" time="10.842" classname="gameMng_Selenide"/>
  <testcase name="mailout" time="2.883" classname="gameMng_Selenide"/>
  <testcase name="mailout" time="2.291" classname="gameMng_Selenide"/>
</testsuite> <!-- gameMng_Selenide -->
