<?xml version="1.0" encoding="UTF-8"?>
<!-- Generated by org.testng.reporters.JUnitReportReporter -->
<testsuite hostname="apzz0928-PC" name="authMng_Selenide" tests="28" failures="0" timestamp="26 Sep 2017 08:30:16 GMT" time="124.043" errors="0">
  <testcase name="authorityMenu_detailMenu_del" time="0.942" classname="authMng_Selenide"/>
  <testcase name="Login" time="3.978" classname="authMng_Selenide"/>
  <testcase name="authorityMenu_detailMenu_edit" time="2.909" classname="authMng_Selenide"/>
  <testcase name="ctMember_addMember_add" time="3.625" classname="authMng_Selenide"/>
  <testcase name="authorityMenu_groupOrder" time="3.448" classname="authMng_Selenide"/>
  <testcase name="authorityGroupMng_Menu" time="4.534" classname="authMng_Selenide"/>
  <testcase name="authorityMenu_detailMenu_edit" time="2.552" classname="authMng_Selenide"/>
  <testcase name="authorityGroupMng_Member" time="1.582" classname="authMng_Selenide"/>
  <testcase name="authorityGroupMng_Member" time="4.540" classname="authMng_Selenide"/>
  <testcase name="authorityMenu_detailMenu_menuOrder" time="3.733" classname="authMng_Selenide"/>
  <testcase name="authorityGroupMng_Menu" time="8.435" classname="authMng_Selenide"/>
  <testcase name="authorityMenu_detailMenu_add" time="2.570" classname="authMng_Selenide"/>
  <testcase name="ctMember_addMember_resetPW_del" time="2.004" classname="authMng_Selenide"/>
  <testcase name="ctMember_addMember_edit" time="2.338" classname="authMng_Selenide"/>
  <testcase name="authorityMenu_keywordSearch" time="0.824" classname="authMng_Selenide"/>
  <testcase name="ctActionLog" time="25.152" classname="authMng_Selenide"/>
  <testcase name="ctMember_addMember_add" time="3.167" classname="authMng_Selenide"/>
  <testcase name="groupListByAdmin" time="2.825" classname="authMng_Selenide"/>
  <testcase name="authorityMenu_keywordSearch" time="0.367" classname="authMng_Selenide"/>
  <testcase name="ctActionLog" time="20.441" classname="authMng_Selenide"/>
  <testcase name="groupListByAdmin" time="1.913" classname="authMng_Selenide"/>
  <testcase name="authorityMenu_detailMenu_add" time="3.295" classname="authMng_Selenide"/>
  <testcase name="ctMember_addMember_edit" time="2.813" classname="authMng_Selenide"/>
  <testcase name="ctMember_addMember_resetPW_del" time="3.975" classname="authMng_Selenide"/>
  <testcase name="authorityMenu_detailMenu_del" time="1.897" classname="authMng_Selenide"/>
  <testcase name="authorityMenu_detailMenu_menuOrder" time="2.114" classname="authMng_Selenide"/>
  <testcase name="authorityMenu_groupOrder" time="4.768" classname="authMng_Selenide"/>
  <testcase name="Login" time="3.302" classname="authMng_Selenide"/>
</testsuite> <!-- authMng_Selenide -->
