<?xml version="1.0" encoding="UTF-8"?>
<!-- Generated by org.testng.reporters.JUnitReportReporter -->
<testsuite hostname="apzz0928-PC" name="authMng_Selenide" tests="28" failures="1" timestamp="24 Oct 2017 01:58:11 GMT" time="202.044" errors="0">
  <testcase name="authorityMenu_detailMenu_del" time="1.023" classname="authMng_Selenide"/>
  <testcase name="ctMember_addMember_add" time="3.205" classname="authMng_Selenide"/>
  <testcase name="ctMember_addMember_resetPW_del" time="2.152" classname="authMng_Selenide"/>
  <testcase name="authorityMenu_groupOrder" time="6.038" classname="authMng_Selenide"/>
  <testcase name="ctActionLog" time="61.334" classname="authMng_Selenide">
    <failure type="com.codeborne.selenide.ex.ElementNotFound" message="Element not found {.uid_ctactionlog_parameter}
Expected: visible">
      <![CDATA[Element not found {.uid_ctactionlog_parameter}
Expected: visible
Screenshot: file:/D:/Selenium/Selenium%20Trials/SonarTest/build/reports/tests/1508809843854.0.png
Page source: file:/D:/Selenium/Selenium%20Trials/SonarTest/build/reports/tests/1508809843854.0.html
Timeout: 60 s.
Caused by: NoSuchElementException: Unable to locate element: .uid_ctactionlog_parameter
	at com.codeborne.selenide.impl.WebElementSource.createElementNotFoundError(WebElementSource.java:31)
	at com.codeborne.selenide.impl.ElementFinder.createElementNotFoundError(ElementFinder.java:82)
	at com.codeborne.selenide.impl.WebElementSource.checkCondition(WebElementSource.java:59)
	at com.codeborne.selenide.commands.Should.should(Should.java:35)
	at com.codeborne.selenide.commands.Should.execute(Should.java:29)
	at com.codeborne.selenide.commands.Should.execute(Should.java:12)
	at com.codeborne.selenide.commands.Commands.execute(Commands.java:143)
	at com.codeborne.selenide.impl.SelenideElementProxy.dispatchAndRetry(SelenideElementProxy.java:87)
	at com.codeborne.selenide.impl.SelenideElementProxy.invoke(SelenideElementProxy.java:63)
	at com.sun.proxy.$Proxy5.waitUntil(Unknown Source)
	at authMng_Selenide.ctActionLog(authMng_Selenide.java:210)
	at sun.reflect.NativeMethodAccessorImpl.invoke0(Native Method)
	at sun.reflect.NativeMethodAccessorImpl.invoke(NativeMethodAccessorImpl.java:62)
	at sun.reflect.DelegatingMethodAccessorImpl.invoke(DelegatingMethodAccessorImpl.java:43)
	at java.lang.reflect.Method.invoke(Method.java:498)
	at org.testng.internal.MethodInvocationHelper.invokeMethod(MethodInvocationHelper.java:86)
	at org.testng.internal.Invoker.invokeMethod(Invoker.java:643)
	at org.testng.internal.Invoker.invokeTestMethod(Invoker.java:820)
	at org.testng.internal.Invoker.invokeTestMethods(Invoker.java:1128)
	at org.testng.internal.TestMethodWorker.invokeTestMethods(TestMethodWorker.java:129)
	at org.testng.internal.TestMethodWorker.run(TestMethodWorker.java:112)
	at org.testng.TestRunner.privateRun(TestRunner.java:782)
	at org.testng.TestRunner.run(TestRunner.java:632)
	at org.testng.SuiteRunner.runTest(SuiteRunner.java:366)
	at org.testng.SuiteRunner.runSequentially(SuiteRunner.java:361)
	at org.testng.SuiteRunner.privateRun(SuiteRunner.java:319)
	at org.testng.SuiteRunner.run(SuiteRunner.java:268)
	at org.testng.SuiteRunnerWorker.runSuite(SuiteRunnerWorker.java:52)
	at org.testng.SuiteRunnerWorker.run(SuiteRunnerWorker.java:86)
	at org.testng.TestNG.runSuitesSequentially(TestNG.java:1244)
	at org.testng.TestNG.runSuitesLocally(TestNG.java:1169)
	at org.testng.TestNG.run(TestNG.java:1064)
	at org.apache.maven.surefire.testng.TestNGExecutor.run(TestNGExecutor.java:283)
	at org.apache.maven.surefire.testng.TestNGXmlTestSuite.execute(TestNGXmlTestSuite.java:75)
	at org.apache.maven.surefire.testng.TestNGProvider.invoke(TestNGProvider.java:120)
	at org.apache.maven.surefire.booter.ForkedBooter.invokeProviderInSameClassLoader(ForkedBooter.java:386)
	at org.apache.maven.surefire.booter.ForkedBooter.runSuitesInProcess(ForkedBooter.java:323)
	at org.apache.maven.surefire.booter.ForkedBooter.main(ForkedBooter.java:143)
Caused by: org.openqa.selenium.NoSuchElementException: Unable to locate element: .uid_ctactionlog_parameter
For documentation on this error, please visit: http://seleniumhq.org/exceptions/no_such_element.html
Build info: version: '3.4.0', revision: 'unknown', time: 'unknown'
System info: host: 'APZZ0928-PC', ip: '10.10.105.228', os.name: 'Windows 10', os.arch: 'amd64', os.version: '10.0', java.version: '1.8.0_151'
Driver info: org.openqa.selenium.firefox.FirefoxDriver
Capabilities [{moz:profile=C:\Users\Administrator\AppData\Local\Temp\rust_mozprofile.2zXLGlqirgJT, rotatable=false, timeouts={implicit=0.0, pageLoad=300000.0, script=30000.0}, pageLoadStrategy=normal, moz:headless=false, platform=ANY, specificationLevel=0.0, moz:accessibilityChecks=false, acceptInsecureCerts=true, browserVersion=56.0, platformVersion=10.0, moz:processID=19252.0, browserName=firefox, javascriptEnabled=true, platformName=windows_nt}]
Session ID: 7e312d51-54de-42bd-8c13-b845535dec37
*** Element info: {Using=css selector, value=.uid_ctactionlog_parameter}
Command duration or timeout: 0 milliseconds
	at sun.reflect.GeneratedConstructorAccessor12.newInstance(Unknown Source)
	at sun.reflect.DelegatingConstructorAccessorImpl.newInstance(DelegatingConstructorAccessorImpl.java:45)
	at java.lang.reflect.Constructor.newInstance(Constructor.java:423)
	at org.openqa.selenium.remote.ErrorHandler.createThrowable(ErrorHandler.java:215)
	at org.openqa.selenium.remote.ErrorHandler.throwIfResponseFailed(ErrorHandler.java:167)
	at org.openqa.selenium.remote.http.JsonHttpResponseCodec.reconstructValue(JsonHttpResponseCodec.java:40)
	at org.openqa.selenium.remote.http.AbstractHttpResponseCodec.decode(AbstractHttpResponseCodec.java:82)
	at org.openqa.selenium.remote.http.AbstractHttpResponseCodec.decode(AbstractHttpResponseCodec.java:45)
	at org.openqa.selenium.remote.HttpCommandExecutor.execute(HttpCommandExecutor.java:164)
	at org.openqa.selenium.remote.RemoteWebDriver.execute(RemoteWebDriver.java:646)
	at org.openqa.selenium.remote.RemoteWebDriver.findElement(RemoteWebDriver.java:416)
	at org.openqa.selenium.remote.RemoteWebDriver.findElementByCssSelector(RemoteWebDriver.java:510)
	at org.openqa.selenium.By$ByCssSelector.findElement(By.java:430)
	at org.openqa.selenium.remote.RemoteWebDriver.findElement(RemoteWebDriver.java:408)
	at com.codeborne.selenide.impl.WebElementSelector.findElement(WebElementSelector.java:28)
	at com.codeborne.selenide.impl.ElementFinder.getWebElement(ElementFinder.java:56)
	at com.codeborne.selenide.impl.WebElementSource.checkCondition(WebElementSource.java:44)
	... 35 more
Caused by: org.openqa.selenium.remote.ScreenshotException: Screen shot has been taken
	at org.openqa.selenium.remote.ErrorHandler.throwIfResponseFailed(ErrorHandler.java:141)
	... 47 more
Caused by: org.openqa.selenium.NoSuchElementException: Unable to locate element: .uid_ctactionlog_parameter
For documentation on this error, please visit: http://seleniumhq.org/exceptions/no_such_element.html
Build info: version: '3.4.0', revision: 'unknown', time: 'unknown'
System info: host: 'APZZ0928-PC', ip: '10.10.105.228', os.name: 'Windows 10', os.arch: 'amd64', os.version: '10.0', java.version: '1.8.0_151'
Driver info: org.openqa.selenium.firefox.FirefoxDriver
Capabilities [{moz:profile=C:\Users\Administrator\AppData\Local\Temp\rust_mozprofile.2zXLGlqirgJT, rotatable=false, timeouts={implicit=0.0, pageLoad=300000.0, script=30000.0}, pageLoadStrategy=normal, moz:headless=false, platform=ANY, specificationLevel=0.0, moz:accessibilityChecks=false, acceptInsecureCerts=true, browserVersion=56.0, platformVersion=10.0, moz:processID=19252.0, browserName=firefox, javascriptEnabled=true, platformName=windows_nt}]
Session ID: 7e312d51-54de-42bd-8c13-b845535dec37
*** Element info: {Using=css selector, value=.uid_ctactionlog_parameter}
For documentation on this error, please visit: http://seleniumhq.org/exceptions/no_such_element.html
Build info: version: '3.5.3', revision: 'a88d25fe6b', time: '2017-08-29T12:42:44.417Z'
System info: host: 'APZZ0928-PC', ip: '10.10.105.228', os.name: 'Windows 10', os.arch: 'amd64', os.version: '10.0', java.version: '1.8.0_131'
Driver info: driver.version: EventFiringWebDriver
	at sun.reflect.GeneratedConstructorAccessor32.newInstance(Unknown Source)
	at sun.reflect.DelegatingConstructorAccessorImpl.newInstance(Unknown Source)
	at java.lang.reflect.Constructor.newInstance(Unknown Source)
	at org.openqa.selenium.remote.http.W3CHttpResponseCodec.createException(W3CHttpResponseCodec.java:150)
	at org.openqa.selenium.remote.http.W3CHttpResponseCodec.decode(W3CHttpResponseCodec.java:115)
	at org.openqa.selenium.remote.http.W3CHttpResponseCodec.decode(W3CHttpResponseCodec.java:45)
	at org.openqa.selenium.remote.HttpCommandExecutor.execute(HttpCommandExecutor.java:164)
	at org.openqa.selenium.remote.service.DriverCommandExecutor.execute(DriverCommandExecutor.java:82)
	at org.openqa.selenium.remote.RemoteWebDriver.execute(RemoteWebDriver.java:637)
	at org.openqa.selenium.remote.RemoteWebDriver.findElement(RemoteWebDriver.java:410)
	at org.openqa.selenium.remote.RemoteWebDriver.findElementByCssSelector(RemoteWebDriver.java:501)
	at org.openqa.selenium.By$ByCssSelector.findElement(By.java:430)
	at org.openqa.selenium.remote.RemoteWebDriver.findElement(RemoteWebDriver.java:402)
	at sun.reflect.GeneratedMethodAccessor17.invoke(Unknown Source)
	at sun.reflect.DelegatingMethodAccessorImpl.invoke(Unknown Source)
	at java.lang.reflect.Method.invoke(Unknown Source)
	at org.openqa.selenium.support.events.EventFiringWebDriver$2.invoke(EventFiringWebDriver.java:104)
	at com.sun.proxy.$Proxy6.findElement(Unknown Source)
	at org.openqa.selenium.support.events.EventFiringWebDriver.findElement(EventFiringWebDriver.java:188)
	at org.openqa.selenium.remote.server.handler.FindElement.call(FindElement.java:48)
	at org.openqa.selenium.remote.server.handler.FindElement.call(FindElement.java:33)
	at java.util.concurrent.FutureTask.run(Unknown Source)
	at org.openqa.selenium.remote.server.DefaultSession$1.run(DefaultSession.java:176)
	at java.util.concurrent.ThreadPoolExecutor.runWorker(Unknown Source)
	at java.util.concurrent.ThreadPoolExecutor$Worker.run(Unknown Source)
	at java.lang.Thread.run(Unknown Source)
]]>
    </failure>
  </testcase> <!-- ctActionLog -->
  <testcase name="authorityMenu_detailMenu_add" time="3.066" classname="authMng_Selenide"/>
  <testcase name="ctActionLog" time="53.915" classname="authMng_Selenide"/>
  <testcase name="ctMember_addMember_edit" time="2.610" classname="authMng_Selenide"/>
  <testcase name="authorityMenu_groupOrder" time="5.203" classname="authMng_Selenide"/>
  <testcase name="authorityMenu_detailMenu_add" time="2.577" classname="authMng_Selenide"/>
  <testcase name="Login" time="4.118" classname="authMng_Selenide"/>
  <testcase name="ctMember_addMember_add" time="3.377" classname="authMng_Selenide"/>
  <testcase name="authorityMenu_keywordSearch" time="0.407" classname="authMng_Selenide"/>
  <testcase name="ctMember_addMember_resetPW_del" time="3.709" classname="authMng_Selenide"/>
  <testcase name="authorityGroupMng_Member" time="4.148" classname="authMng_Selenide"/>
  <testcase name="authorityMenu_detailMenu_edit" time="2.740" classname="authMng_Selenide"/>
  <testcase name="authorityMenu_keywordSearch" time="0.840" classname="authMng_Selenide"/>
  <testcase name="authorityGroupMng_Menu" time="7.877" classname="authMng_Selenide"/>
  <testcase name="authorityMenu_detailMenu_menuOrder" time="2.352" classname="authMng_Selenide"/>
  <testcase name="authorityMenu_detailMenu_edit" time="2.773" classname="authMng_Selenide"/>
  <testcase name="authorityMenu_detailMenu_menuOrder" time="3.670" classname="authMng_Selenide"/>
  <testcase name="authorityMenu_detailMenu_del" time="1.757" classname="authMng_Selenide"/>
  <testcase name="groupListByAdmin" time="2.085" classname="authMng_Selenide"/>
  <testcase name="Login" time="2.826" classname="authMng_Selenide"/>
  <testcase name="ctMember_addMember_edit" time="2.452" classname="authMng_Selenide"/>
  <testcase name="authorityGroupMng_Menu" time="5.263" classname="authMng_Selenide"/>
  <testcase name="groupListByAdmin" time="8.972" classname="authMng_Selenide"/>
  <testcase name="authorityGroupMng_Member" time="1.555" classname="authMng_Selenide"/>
</testsuite> <!-- authMng_Selenide -->
