<?xml version="1.0" encoding="UTF-8"?>
<!-- Generated by org.testng.reporters.JUnitReportReporter -->
<testsuite hostname="apzz0928-PC" name="authMng_Selenide" tests="8" failures="0" timestamp="25 Sep 2017 07:08:26 GMT" time="27.943" errors="0">
  <testcase name="ctMember_addMember_edit" time="2.538" classname="authMng_Selenide"/>
  <testcase name="Login" time="3.847" classname="authMng_Selenide"/>
  <testcase name="ctMember_addMember_resetPW_del" time="3.934" classname="authMng_Selenide"/>
  <testcase name="ctMember_addMember_add" time="4.705" classname="authMng_Selenide"/>
  <testcase name="ctMember_addMember_resetPW_del" time="2.254" classname="authMng_Selenide"/>
  <testcase name="Login" time="2.975" classname="authMng_Selenide"/>
  <testcase name="ctMember_addMember_edit" time="2.948" classname="authMng_Selenide"/>
  <testcase name="ctMember_addMember_add" time="4.742" classname="authMng_Selenide"/>
</testsuite> <!-- authMng_Selenide -->
