<?xml version="1.0" encoding="UTF-8"?>
<!-- Generated by org.testng.reporters.JUnitReportReporter -->
<testsuite hostname="apzz0928-PC" name="authMng_Selenide" tests="28" failures="0" timestamp="17 Oct 2017 03:03:12 GMT" time="138.103" errors="0">
  <testcase name="authorityMenu_detailMenu_del" time="1.055" classname="authMng_Selenide"/>
  <testcase name="ctMember_addMember_add" time="3.301" classname="authMng_Selenide"/>
  <testcase name="Login" time="3.951" classname="authMng_Selenide"/>
  <testcase name="authorityMenu_detailMenu_menuOrder" time="2.092" classname="authMng_Selenide"/>
  <testcase name="authorityMenu_groupOrder" time="4.987" classname="authMng_Selenide"/>
  <testcase name="groupListByAdmin" time="2.858" classname="authMng_Selenide"/>
  <testcase name="authorityMenu_detailMenu_del" time="1.805" classname="authMng_Selenide"/>
  <testcase name="authorityMenu_detailMenu_menuOrder" time="3.739" classname="authMng_Selenide"/>
  <testcase name="authorityMenu_detailMenu_edit" time="2.880" classname="authMng_Selenide"/>
  <testcase name="authorityMenu_groupOrder" time="6.107" classname="authMng_Selenide"/>
  <testcase name="ctMember_addMember_resetPW_del" time="3.766" classname="authMng_Selenide"/>
  <testcase name="ctActionLog" time="27.169" classname="authMng_Selenide"/>
  <testcase name="authorityGroupMng_Menu" time="4.825" classname="authMng_Selenide"/>
  <testcase name="ctMember_addMember_edit" time="2.554" classname="authMng_Selenide"/>
  <testcase name="authorityMenu_detailMenu_add" time="3.037" classname="authMng_Selenide"/>
  <testcase name="ctMember_addMember_edit" time="2.668" classname="authMng_Selenide"/>
  <testcase name="authorityMenu_detailMenu_edit" time="2.399" classname="authMng_Selenide"/>
  <testcase name="authorityGroupMng_Menu" time="8.154" classname="authMng_Selenide"/>
  <testcase name="ctActionLog" time="30.160" classname="authMng_Selenide"/>
  <testcase name="Login" time="3.258" classname="authMng_Selenide"/>
  <testcase name="authorityGroupMng_Member" time="4.232" classname="authMng_Selenide"/>
  <testcase name="ctMember_addMember_resetPW_del" time="2.331" classname="authMng_Selenide"/>
  <testcase name="authorityMenu_keywordSearch" time="0.836" classname="authMng_Selenide"/>
  <testcase name="authorityMenu_keywordSearch" time="0.365" classname="authMng_Selenide"/>
  <testcase name="groupListByAdmin" time="1.907" classname="authMng_Selenide"/>
  <testcase name="ctMember_addMember_add" time="3.534" classname="authMng_Selenide"/>
  <testcase name="authorityGroupMng_Member" time="1.686" classname="authMng_Selenide"/>
  <testcase name="authorityMenu_detailMenu_add" time="2.447" classname="authMng_Selenide"/>
</testsuite> <!-- authMng_Selenide -->
