<?xml version="1.0" encoding="UTF-8"?>
<!-- Generated by org.testng.reporters.JUnitReportReporter -->
<testsuite hostname="apzz0928-PC" name="gameMng_Selenide" tests="28" failures="0" timestamp="24 Oct 2017 01:58:11 GMT" time="235.157" errors="0">
  <testcase name="onlineUser" time="1.842" classname="gameMng_Selenide"/>
  <testcase name="Login" time="4.065" classname="gameMng_Selenide"/>
  <testcase name="mailout" time="2.648" classname="gameMng_Selenide"/>
  <testcase name="systemMessage" time="15.911" classname="gameMng_Selenide"/>
  <testcase name="kickUser" time="2.303" classname="gameMng_Selenide"/>
  <testcase name="ingameNotice_statusChange" time="8.684" classname="gameMng_Selenide"/>
  <testcase name="limitDrop" time="11.171" classname="gameMng_Selenide"/>
  <testcase name="serverStatus" time="11.437" classname="gameMng_Selenide"/>
  <testcase name="ingameGuide" time="9.967" classname="gameMng_Selenide"/>
  <testcase name="mailout" time="1.948" classname="gameMng_Selenide"/>
  <testcase name="semdMail" time="8.245" classname="gameMng_Selenide"/>
  <testcase name="semdMail" time="7.633" classname="gameMng_Selenide"/>
  <testcase name="slangWord" time="20.265" classname="gameMng_Selenide"/>
  <testcase name="slangWord" time="19.533" classname="gameMng_Selenide"/>
  <testcase name="serverStatus" time="8.427" classname="gameMng_Selenide"/>
  <testcase name="ingameGuide" time="8.162" classname="gameMng_Selenide"/>
  <testcase name="ingameNotice_add" time="6.370" classname="gameMng_Selenide"/>
  <testcase name="kickUser" time="3.426" classname="gameMng_Selenide"/>
  <testcase name="ingameNotice_add" time="7.378" classname="gameMng_Selenide"/>
  <testcase name="burningEvent" time="6.023" classname="gameMng_Selenide"/>
  <testcase name="burningEvent" time="10.266" classname="gameMng_Selenide"/>
  <testcase name="pvpSchedule" time="13.620" classname="gameMng_Selenide"/>
  <testcase name="Login" time="2.839" classname="gameMng_Selenide"/>
  <testcase name="pvpSchedule" time="13.500" classname="gameMng_Selenide"/>
  <testcase name="onlineUser" time="3.955" classname="gameMng_Selenide"/>
  <testcase name="ingameNotice_statusChange" time="6.245" classname="gameMng_Selenide"/>
  <testcase name="systemMessage" time="11.812" classname="gameMng_Selenide"/>
  <testcase name="limitDrop" time="7.482" classname="gameMng_Selenide"/>
</testsuite> <!-- gameMng_Selenide -->
