<?xml version="1.0" encoding="UTF-8"?>
<!-- Generated by org.testng.reporters.JUnitReportReporter -->
<testsuite hostname="apzz0928-PC" name="gameMng_Selenide" tests="14" failures="0" timestamp="20 Sep 2017 09:55:32 GMT" time="91.732" errors="0">
  <testcase name="slangWord" time="18.490" classname="gameMng_Selenide"/>
  <testcase name="ingameGuide" time="8.152" classname="gameMng_Selenide"/>
  <testcase name="serverStatus" time="7.472" classname="gameMng_Selenide"/>
  <testcase name="Login" time="3.189" classname="gameMng_Selenide"/>
  <testcase name="kickUser" time="2.155" classname="gameMng_Selenide"/>
  <testcase name="burningEvent" time="5.813" classname="gameMng_Selenide"/>
  <testcase name="onlineUser" time="1.819" classname="gameMng_Selenide"/>
  <testcase name="mailout" time="2.326" classname="gameMng_Selenide"/>
  <testcase name="pvpSchedule" time="8.358" classname="gameMng_Selenide"/>
  <testcase name="ingameNotice_statusChange" time="6.263" classname="gameMng_Selenide"/>
  <testcase name="limitDrop" time="4.399" classname="gameMng_Selenide"/>
  <testcase name="ingameNotice_add" time="5.900" classname="gameMng_Selenide"/>
  <testcase name="systemMessage" time="9.295" classname="gameMng_Selenide"/>
  <testcase name="semdMail" time="8.101" classname="gameMng_Selenide"/>
</testsuite> <!-- gameMng_Selenide -->
