<?xml version="1.0" encoding="UTF-8"?>
<!-- Generated by org.testng.reporters.JUnitReportReporter -->
<testsuite hostname="apzz0928-PC" name="SonarTest" tests="1" failures="0" timestamp="20 Sep 2017 09:55:32 GMT" time="10.773" errors="0">
  <testcase name="Login" time="10.773" classname="SonarTest"/>
</testsuite> <!-- SonarTest -->
