<?xml version="1.0" encoding="UTF-8"?>
<!-- Generated by org.testng.reporters.JUnitReportReporter -->
<testsuite hostname="apzz0928-PC" name="gameMng_Selenide" tests="28" failures="0" timestamp="27 Sep 2017 05:33:17 GMT" time="215.847" errors="0">
  <testcase name="Login" time="3.750" classname="gameMng_Selenide"/>
  <testcase name="burningEvent" time="5.740" classname="gameMng_Selenide"/>
  <testcase name="ingameNotice_statusChange" time="6.589" classname="gameMng_Selenide"/>
  <testcase name="systemMessage" time="15.709" classname="gameMng_Selenide"/>
  <testcase name="serverStatus" time="12.139" classname="gameMng_Selenide"/>
  <testcase name="kickUser" time="3.248" classname="gameMng_Selenide"/>
  <testcase name="ingameGuide" time="8.631" classname="gameMng_Selenide"/>
  <testcase name="ingameNotice_statusChange" time="8.877" classname="gameMng_Selenide"/>
  <testcase name="pvpSchedule" time="7.684" classname="gameMng_Selenide"/>
  <testcase name="ingameNotice_add" time="6.977" classname="gameMng_Selenide"/>
  <testcase name="kickUser" time="2.253" classname="gameMng_Selenide"/>
  <testcase name="systemMessage" time="10.027" classname="gameMng_Selenide"/>
  <testcase name="slangWord" time="21.297" classname="gameMng_Selenide"/>
  <testcase name="onlineUser" time="2.149" classname="gameMng_Selenide"/>
  <testcase name="limitDrop" time="8.532" classname="gameMng_Selenide"/>
  <testcase name="mailout" time="2.842" classname="gameMng_Selenide"/>
  <testcase name="ingameGuide" time="10.301" classname="gameMng_Selenide"/>
  <testcase name="slangWord" time="17.957" classname="gameMng_Selenide"/>
  <testcase name="Login" time="3.819" classname="gameMng_Selenide"/>
  <testcase name="serverStatus" time="7.973" classname="gameMng_Selenide"/>
  <testcase name="mailout" time="1.988" classname="gameMng_Selenide"/>
  <testcase name="burningEvent" time="10.587" classname="gameMng_Selenide"/>
  <testcase name="onlineUser" time="1.963" classname="gameMng_Selenide"/>
  <testcase name="limitDrop" time="4.542" classname="gameMng_Selenide"/>
  <testcase name="pvpSchedule" time="8.341" classname="gameMng_Selenide"/>
  <testcase name="ingameNotice_add" time="6.078" classname="gameMng_Selenide"/>
  <testcase name="semdMail" time="7.269" classname="gameMng_Selenide"/>
  <testcase name="semdMail" time="8.585" classname="gameMng_Selenide"/>
</testsuite> <!-- gameMng_Selenide -->
