<?xml version="1.0" encoding="UTF-8"?>
<!-- Generated by org.testng.reporters.JUnitReportReporter -->
<testsuite hostname="apzz0928-PC" name="gameMng_Selenide" tests="28" failures="0" timestamp="27 Sep 2017 07:13:50 GMT" time="230.780" errors="0">
  <testcase name="onlineUser" time="1.947" classname="gameMng_Selenide"/>
  <testcase name="burningEvent" time="10.611" classname="gameMng_Selenide"/>
  <testcase name="slangWord" time="21.007" classname="gameMng_Selenide"/>
  <testcase name="ingameNotice_add" time="6.367" classname="gameMng_Selenide"/>
  <testcase name="semdMail" time="7.103" classname="gameMng_Selenide"/>
  <testcase name="serverStatus" time="12.344" classname="gameMng_Selenide"/>
  <testcase name="systemMessage" time="16.194" classname="gameMng_Selenide"/>
  <testcase name="semdMail" time="6.886" classname="gameMng_Selenide"/>
  <testcase name="ingameGuide" time="10.470" classname="gameMng_Selenide"/>
  <testcase name="limitDrop" time="10.986" classname="gameMng_Selenide"/>
  <testcase name="systemMessage" time="9.172" classname="gameMng_Selenide"/>
  <testcase name="ingameNotice_statusChange" time="9.021" classname="gameMng_Selenide"/>
  <testcase name="kickUser" time="3.593" classname="gameMng_Selenide"/>
  <testcase name="ingameNotice_add" time="5.904" classname="gameMng_Selenide"/>
  <testcase name="serverStatus" time="8.721" classname="gameMng_Selenide"/>
  <testcase name="mailout" time="2.627" classname="gameMng_Selenide"/>
  <testcase name="pvpSchedule" time="13.158" classname="gameMng_Selenide"/>
  <testcase name="ingameNotice_statusChange" time="6.098" classname="gameMng_Selenide"/>
  <testcase name="burningEvent" time="5.617" classname="gameMng_Selenide"/>
  <testcase name="kickUser" time="2.199" classname="gameMng_Selenide"/>
  <testcase name="Login" time="4.479" classname="gameMng_Selenide"/>
  <testcase name="mailout" time="1.916" classname="gameMng_Selenide"/>
  <testcase name="onlineUser" time="1.822" classname="gameMng_Selenide"/>
  <testcase name="Login" time="2.815" classname="gameMng_Selenide"/>
  <testcase name="slangWord" time="22.952" classname="gameMng_Selenide"/>
  <testcase name="limitDrop" time="6.586" classname="gameMng_Selenide"/>
  <testcase name="ingameGuide" time="8.011" classname="gameMng_Selenide"/>
  <testcase name="pvpSchedule" time="12.174" classname="gameMng_Selenide"/>
</testsuite> <!-- gameMng_Selenide -->
