<?xml version="1.0" encoding="UTF-8"?>
<!-- Generated by org.testng.reporters.JUnitReportReporter -->
<testsuite hostname="apzz0928-PC" name="gameMng_Selenide" tests="28" failures="0" timestamp="27 Sep 2017 09:59:40 GMT" time="224.760" errors="0">
  <testcase name="kickUser" time="3.198" classname="gameMng_Selenide"/>
  <testcase name="mailout" time="2.641" classname="gameMng_Selenide"/>
  <testcase name="systemMessage" time="15.992" classname="gameMng_Selenide"/>
  <testcase name="onlineUser" time="2.044" classname="gameMng_Selenide"/>
  <testcase name="slangWord" time="19.227" classname="gameMng_Selenide"/>
  <testcase name="onlineUser" time="1.847" classname="gameMng_Selenide"/>
  <testcase name="serverStatus" time="12.274" classname="gameMng_Selenide"/>
  <testcase name="Login" time="3.448" classname="gameMng_Selenide"/>
  <testcase name="burningEvent" time="6.486" classname="gameMng_Selenide"/>
  <testcase name="pvpSchedule" time="14.055" classname="gameMng_Selenide"/>
  <testcase name="semdMail" time="7.233" classname="gameMng_Selenide"/>
  <testcase name="limitDrop" time="11.558" classname="gameMng_Selenide"/>
  <testcase name="burningEvent" time="10.665" classname="gameMng_Selenide"/>
  <testcase name="pvpSchedule" time="11.183" classname="gameMng_Selenide"/>
  <testcase name="kickUser" time="2.251" classname="gameMng_Selenide"/>
  <testcase name="ingameNotice_statusChange" time="9.036" classname="gameMng_Selenide"/>
  <testcase name="mailout" time="2.093" classname="gameMng_Selenide"/>
  <testcase name="ingameNotice_add" time="7.381" classname="gameMng_Selenide"/>
  <testcase name="systemMessage" time="9.768" classname="gameMng_Selenide"/>
  <testcase name="ingameNotice_statusChange" time="6.948" classname="gameMng_Selenide"/>
  <testcase name="semdMail" time="7.124" classname="gameMng_Selenide"/>
  <testcase name="limitDrop" time="7.316" classname="gameMng_Selenide"/>
  <testcase name="ingameGuide" time="7.570" classname="gameMng_Selenide"/>
  <testcase name="serverStatus" time="7.426" classname="gameMng_Selenide"/>
  <testcase name="slangWord" time="16.824" classname="gameMng_Selenide"/>
  <testcase name="ingameGuide" time="10.111" classname="gameMng_Selenide"/>
  <testcase name="ingameNotice_add" time="4.649" classname="gameMng_Selenide"/>
  <testcase name="Login" time="4.412" classname="gameMng_Selenide"/>
</testsuite> <!-- gameMng_Selenide -->
