<?xml version="1.0" encoding="UTF-8"?>
<!-- Generated by org.testng.reporters.JUnitReportReporter -->
<testsuite hostname="apzz0928-PC" name="authMng_Selenide" tests="28" failures="0" timestamp="22 Sep 2017 05:27:43 GMT" time="107.339" errors="0">
  <testcase name="Login" time="7.188" classname="authMng_Selenide"/>
  <testcase name="authorityMenu_detailMenu_add" time="5.057" classname="authMng_Selenide"/>
  <testcase name="ctMember_addMember_edit" time="2.310" classname="authMng_Selenide"/>
  <testcase name="authorityMenu_detailMenu_menuOrder" time="5.157" classname="authMng_Selenide"/>
  <testcase name="authorityGroupMng_Menu" time="5.042" classname="authMng_Selenide"/>
  <testcase name="ctMember_addMember_add" time="5.787" classname="authMng_Selenide"/>
  <testcase name="authorityMenu_detailMenu_edit" time="2.669" classname="authMng_Selenide"/>
  <testcase name="authorityMenu_detailMenu_add" time="2.528" classname="authMng_Selenide"/>
  <testcase name="ctMember_addMember_resetPW_del" time="5.122" classname="authMng_Selenide"/>
  <testcase name="authorityGroupMng_Member" time="4.620" classname="authMng_Selenide"/>
  <testcase name="authorityMenu_groupOrder" time="5.612" classname="authMng_Selenide"/>
  <testcase name="authorityMenu_detailMenu_edit" time="3.586" classname="authMng_Selenide"/>
  <testcase name="ctActionLog" time="6.200" classname="authMng_Selenide"/>
  <testcase name="authorityGroupMng_Menu" time="11.145" classname="authMng_Selenide"/>
  <testcase name="authorityMenu_keywordSearch" time="0.395" classname="authMng_Selenide"/>
  <testcase name="groupListByAdmin" time="2.228" classname="authMng_Selenide"/>
  <testcase name="ctMember_addMember_add" time="3.245" classname="authMng_Selenide"/>
  <testcase name="ctMember_addMember_edit" time="4.064" classname="authMng_Selenide"/>
  <testcase name="authorityMenu_keywordSearch" time="0.830" classname="authMng_Selenide"/>
  <testcase name="authorityMenu_detailMenu_del" time="2.724" classname="authMng_Selenide"/>
  <testcase name="Login" time="3.432" classname="authMng_Selenide"/>
  <testcase name="groupListByAdmin" time="3.587" classname="authMng_Selenide"/>
  <testcase name="ctMember_addMember_resetPW_del" time="2.274" classname="authMng_Selenide"/>
  <testcase name="authorityMenu_detailMenu_menuOrder" time="2.321" classname="authMng_Selenide"/>
  <testcase name="ctActionLog" time="0.000" classname="authMng_Selenide"/>
  <testcase name="authorityGroupMng_Member" time="1.550" classname="authMng_Selenide"/>
  <testcase name="authorityMenu_detailMenu_del" time="1.025" classname="authMng_Selenide"/>
  <testcase name="authorityMenu_groupOrder" time="7.641" classname="authMng_Selenide"/>
</testsuite> <!-- authMng_Selenide -->
