<?xml version="1.0" encoding="UTF-8"?>
<!-- Generated by org.testng.reporters.JUnitReportReporter -->
<testsuite hostname="apzz0928-PC" name="gameAccountMng_Selenide" tests="6" failures="0" timestamp="17 Oct 2017 05:29:48 GMT" time="87.769" errors="0">
  <testcase name="Login" time="4.194" classname="gameAccountMng_Selenide"/>
  <testcase name="accountBlock" time="25.561" classname="gameAccountMng_Selenide"/>
  <testcase name="accountBlock" time="41.177" classname="gameAccountMng_Selenide"/>
  <testcase name="Login" time="3.294" classname="gameAccountMng_Selenide"/>
  <testcase name="accountSearch" time="7.123" classname="gameAccountMng_Selenide"/>
  <testcase name="accountSearch" time="6.420" classname="gameAccountMng_Selenide"/>
</testsuite> <!-- gameAccountMng_Selenide -->
