<?xml version="1.0" encoding="UTF-8"?>
<!-- Generated by org.testng.reporters.JUnitReportReporter -->
<testsuite hostname="apzz0928-PC" name="gameAccountMng_Selenide" tests="6" failures="0" timestamp="25 Sep 2017 07:08:26 GMT" time="96.518" errors="0">
  <testcase name="accountSearch" time="6.466" classname="gameAccountMng_Selenide"/>
  <testcase name="accountBlock" time="49.274" classname="gameAccountMng_Selenide"/>
  <testcase name="Login" time="3.369" classname="gameAccountMng_Selenide"/>
  <testcase name="accountSearch" time="7.427" classname="gameAccountMng_Selenide"/>
  <testcase name="accountBlock" time="26.619" classname="gameAccountMng_Selenide"/>
  <testcase name="Login" time="3.363" classname="gameAccountMng_Selenide"/>
</testsuite> <!-- gameAccountMng_Selenide -->
