<?xml version="1.0" encoding="UTF-8"?>
<!-- Generated by org.testng.reporters.JUnitReportReporter -->
<testsuite hostname="apzz0928-PC" name="authMng_Selenide" tests="28" failures="0" timestamp="26 Sep 2017 07:29:46 GMT" time="124.273" errors="0">
  <testcase name="Login" time="4.329" classname="authMng_Selenide"/>
  <testcase name="authorityMenu_detailMenu_edit" time="2.778" classname="authMng_Selenide"/>
  <testcase name="groupListByAdmin" time="2.079" classname="authMng_Selenide"/>
  <testcase name="ctMember_addMember_add" time="3.642" classname="authMng_Selenide"/>
  <testcase name="ctMember_addMember_add" time="3.221" classname="authMng_Selenide"/>
  <testcase name="ctMember_addMember_edit" time="2.363" classname="authMng_Selenide"/>
  <testcase name="authorityMenu_detailMenu_menuOrder" time="2.083" classname="authMng_Selenide"/>
  <testcase name="authorityGroupMng_Member" time="4.383" classname="authMng_Selenide"/>
  <testcase name="authorityMenu_detailMenu_edit" time="2.302" classname="authMng_Selenide"/>
  <testcase name="authorityMenu_detailMenu_menuOrder" time="3.677" classname="authMng_Selenide"/>
  <testcase name="authorityGroupMng_Menu" time="8.507" classname="authMng_Selenide"/>
  <testcase name="Login" time="3.314" classname="authMng_Selenide"/>
  <testcase name="authorityMenu_keywordSearch" time="0.368" classname="authMng_Selenide"/>
  <testcase name="authorityMenu_groupOrder" time="5.505" classname="authMng_Selenide"/>
  <testcase name="authorityMenu_keywordSearch" time="0.859" classname="authMng_Selenide"/>
  <testcase name="authorityGroupMng_Menu" time="4.409" classname="authMng_Selenide"/>
  <testcase name="groupListByAdmin" time="2.857" classname="authMng_Selenide"/>
  <testcase name="authorityGroupMng_Member" time="1.509" classname="authMng_Selenide"/>
  <testcase name="authorityMenu_detailMenu_add" time="2.495" classname="authMng_Selenide"/>
  <testcase name="ctMember_addMember_resetPW_del" time="2.319" classname="authMng_Selenide"/>
  <testcase name="authorityMenu_detailMenu_del" time="0.990" classname="authMng_Selenide"/>
  <testcase name="ctActionLog" time="19.149" classname="authMng_Selenide"/>
  <testcase name="authorityMenu_detailMenu_add" time="3.119" classname="authMng_Selenide"/>
  <testcase name="ctMember_addMember_edit" time="2.555" classname="authMng_Selenide"/>
  <testcase name="ctMember_addMember_resetPW_del" time="3.940" classname="authMng_Selenide"/>
  <testcase name="authorityMenu_detailMenu_del" time="1.855" classname="authMng_Selenide"/>
  <testcase name="ctActionLog" time="23.634" classname="authMng_Selenide"/>
  <testcase name="authorityMenu_groupOrder" time="6.032" classname="authMng_Selenide"/>
</testsuite> <!-- authMng_Selenide -->
