<?xml version="1.0" encoding="UTF-8"?>
<!-- Generated by org.testng.reporters.JUnitReportReporter -->
<testsuite hostname="apzz0928-PC" name="authMng_Selenide" tests="28" failures="0" timestamp="25 Sep 2017 02:32:24 GMT" time="86.601" errors="0">
  <testcase name="ctMember_addMember_add" time="3.087" classname="authMng_Selenide"/>
  <testcase name="Login" time="4.818" classname="authMng_Selenide"/>
  <testcase name="authorityMenu_detailMenu_edit" time="2.980" classname="authMng_Selenide"/>
  <testcase name="authorityGroupMng_Member" time="1.467" classname="authMng_Selenide"/>
  <testcase name="groupListByAdmin" time="1.929" classname="authMng_Selenide"/>
  <testcase name="ctMember_addMember_add" time="3.478" classname="authMng_Selenide"/>
  <testcase name="ctMember_addMember_resetPW_del" time="3.911" classname="authMng_Selenide"/>
  <testcase name="ctMember_addMember_edit" time="2.272" classname="authMng_Selenide"/>
  <testcase name="authorityGroupMng_Member" time="4.555" classname="authMng_Selenide"/>
  <testcase name="authorityMenu_keywordSearch" time="0.403" classname="authMng_Selenide"/>
  <testcase name="ctMember_addMember_resetPW_del" time="1.997" classname="authMng_Selenide"/>
  <testcase name="authorityMenu_detailMenu_menuOrder" time="3.744" classname="authMng_Selenide"/>
  <testcase name="authorityGroupMng_Menu" time="8.193" classname="authMng_Selenide"/>
  <testcase name="authorityMenu_groupOrder" time="4.287" classname="authMng_Selenide"/>
  <testcase name="Login" time="3.485" classname="authMng_Selenide"/>
  <testcase name="ctMember_addMember_edit" time="2.688" classname="authMng_Selenide"/>
  <testcase name="authorityMenu_keywordSearch" time="0.903" classname="authMng_Selenide"/>
  <testcase name="authorityMenu_detailMenu_menuOrder" time="2.752" classname="authMng_Selenide"/>
  <testcase name="authorityGroupMng_Menu" time="4.405" classname="authMng_Selenide"/>
  <testcase name="authorityMenu_detailMenu_del" time="0.968" classname="authMng_Selenide"/>
  <testcase name="groupListByAdmin" time="2.793" classname="authMng_Selenide"/>
  <testcase name="ctActionLog" time="5.024" classname="authMng_Selenide"/>
  <testcase name="authorityMenu_detailMenu_add" time="2.753" classname="authMng_Selenide"/>
  <testcase name="authorityMenu_detailMenu_edit" time="2.380" classname="authMng_Selenide"/>
  <testcase name="ctActionLog" time="0.000" classname="authMng_Selenide"/>
  <testcase name="authorityMenu_detailMenu_add" time="3.418" classname="authMng_Selenide"/>
  <testcase name="authorityMenu_detailMenu_del" time="1.813" classname="authMng_Selenide"/>
  <testcase name="authorityMenu_groupOrder" time="6.098" classname="authMng_Selenide"/>
</testsuite> <!-- authMng_Selenide -->
