<?xml version="1.0" encoding="UTF-8"?>
<!-- Generated by org.testng.reporters.JUnitReportReporter -->
<testsuite hostname="apzz0928-PC" name="gameAccountMng_Selenide" tests="6" failures="0" timestamp="26 Sep 2017 07:29:46 GMT" time="93.085" errors="0">
  <testcase name="accountBlock" time="25.032" classname="gameAccountMng_Selenide"/>
  <testcase name="Login" time="3.872" classname="gameAccountMng_Selenide"/>
  <testcase name="accountSearch" time="8.064" classname="gameAccountMng_Selenide"/>
  <testcase name="Login" time="3.789" classname="gameAccountMng_Selenide"/>
  <testcase name="accountSearch" time="7.502" classname="gameAccountMng_Selenide"/>
  <testcase name="accountBlock" time="44.826" classname="gameAccountMng_Selenide"/>
</testsuite> <!-- gameAccountMng_Selenide -->
