<?xml version="1.0" encoding="UTF-8"?>
<!-- Generated by org.testng.reporters.JUnitReportReporter -->
<testsuite hostname="apzz0928-PC" name="authMng_Selenide" tests="28" failures="0" timestamp="27 Sep 2017 05:33:17 GMT" time="128.093" errors="0">
  <testcase name="authorityGroupMng_Member" time="1.500" classname="authMng_Selenide"/>
  <testcase name="authorityMenu_groupOrder" time="5.514" classname="authMng_Selenide"/>
  <testcase name="authorityMenu_detailMenu_add" time="2.428" classname="authMng_Selenide"/>
  <testcase name="authorityMenu_detailMenu_del" time="0.918" classname="authMng_Selenide"/>
  <testcase name="Login" time="3.909" classname="authMng_Selenide"/>
  <testcase name="authorityMenu_keywordSearch" time="0.386" classname="authMng_Selenide"/>
  <testcase name="groupListByAdmin" time="2.828" classname="authMng_Selenide"/>
  <testcase name="authorityMenu_detailMenu_del" time="1.739" classname="authMng_Selenide"/>
  <testcase name="ctMember_addMember_add" time="3.130" classname="authMng_Selenide"/>
  <testcase name="authorityMenu_detailMenu_menuOrder" time="3.539" classname="authMng_Selenide"/>
  <testcase name="authorityMenu_detailMenu_edit" time="2.900" classname="authMng_Selenide"/>
  <testcase name="authorityMenu_detailMenu_edit" time="2.508" classname="authMng_Selenide"/>
  <testcase name="authorityMenu_groupOrder" time="5.545" classname="authMng_Selenide"/>
  <testcase name="authorityMenu_detailMenu_menuOrder" time="2.298" classname="authMng_Selenide"/>
  <testcase name="ctMember_addMember_resetPW_del" time="3.864" classname="authMng_Selenide"/>
  <testcase name="ctActionLog" time="23.548" classname="authMng_Selenide"/>
  <testcase name="groupListByAdmin" time="1.905" classname="authMng_Selenide"/>
  <testcase name="authorityMenu_detailMenu_add" time="3.111" classname="authMng_Selenide"/>
  <testcase name="ctMember_addMember_edit" time="2.663" classname="authMng_Selenide"/>
  <testcase name="authorityGroupMng_Menu" time="4.782" classname="authMng_Selenide"/>
  <testcase name="authorityGroupMng_Menu" time="7.803" classname="authMng_Selenide"/>
  <testcase name="Login" time="3.228" classname="authMng_Selenide"/>
  <testcase name="ctMember_addMember_resetPW_del" time="2.005" classname="authMng_Selenide"/>
  <testcase name="authorityGroupMng_Member" time="4.328" classname="authMng_Selenide"/>
  <testcase name="authorityMenu_keywordSearch" time="0.924" classname="authMng_Selenide"/>
  <testcase name="ctMember_addMember_edit" time="2.367" classname="authMng_Selenide"/>
  <testcase name="ctMember_addMember_add" time="3.554" classname="authMng_Selenide"/>
  <testcase name="ctActionLog" time="24.869" classname="authMng_Selenide"/>
</testsuite> <!-- authMng_Selenide -->
