<?xml version="1.0" encoding="UTF-8"?>
<!-- Generated by org.testng.reporters.JUnitReportReporter -->
<testsuite hostname="apzz0928-PC" name="authMng_Selenide" tests="28" failures="0" timestamp="27 Sep 2017 09:59:40 GMT" time="134.220" errors="0">
  <testcase name="authorityGroupMng_Menu" time="4.951" classname="authMng_Selenide"/>
  <testcase name="authorityGroupMng_Member" time="1.820" classname="authMng_Selenide"/>
  <testcase name="authorityMenu_detailMenu_add" time="2.504" classname="authMng_Selenide"/>
  <testcase name="Login" time="3.761" classname="authMng_Selenide"/>
  <testcase name="authorityMenu_detailMenu_edit" time="2.276" classname="authMng_Selenide"/>
  <testcase name="groupListByAdmin" time="2.769" classname="authMng_Selenide"/>
  <testcase name="ctActionLog" time="29.206" classname="authMng_Selenide"/>
  <testcase name="authorityMenu_detailMenu_del" time="1.714" classname="authMng_Selenide"/>
  <testcase name="groupListByAdmin" time="1.857" classname="authMng_Selenide"/>
  <testcase name="authorityMenu_detailMenu_menuOrder" time="3.520" classname="authMng_Selenide"/>
  <testcase name="authorityMenu_detailMenu_edit" time="2.953" classname="authMng_Selenide"/>
  <testcase name="authorityMenu_groupOrder" time="5.263" classname="authMng_Selenide"/>
  <testcase name="ctMember_addMember_resetPW_del" time="3.717" classname="authMng_Selenide"/>
  <testcase name="ctMember_addMember_resetPW_del" time="2.104" classname="authMng_Selenide"/>
  <testcase name="ctActionLog" time="25.407" classname="authMng_Selenide"/>
  <testcase name="authorityMenu_groupOrder" time="5.206" classname="authMng_Selenide"/>
  <testcase name="authorityMenu_detailMenu_add" time="3.205" classname="authMng_Selenide"/>
  <testcase name="Login" time="3.344" classname="authMng_Selenide"/>
  <testcase name="ctMember_addMember_edit" time="2.841" classname="authMng_Selenide"/>
  <testcase name="authorityMenu_detailMenu_menuOrder" time="2.124" classname="authMng_Selenide"/>
  <testcase name="authorityGroupMng_Menu" time="8.043" classname="authMng_Selenide"/>
  <testcase name="authorityMenu_detailMenu_del" time="0.988" classname="authMng_Selenide"/>
  <testcase name="authorityGroupMng_Member" time="4.333" classname="authMng_Selenide"/>
  <testcase name="authorityMenu_keywordSearch" time="0.933" classname="authMng_Selenide"/>
  <testcase name="ctMember_addMember_edit" time="2.363" classname="authMng_Selenide"/>
  <testcase name="ctMember_addMember_add" time="3.496" classname="authMng_Selenide"/>
  <testcase name="ctMember_addMember_add" time="3.129" classname="authMng_Selenide"/>
  <testcase name="authorityMenu_keywordSearch" time="0.393" classname="authMng_Selenide"/>
</testsuite> <!-- authMng_Selenide -->
