<?xml version="1.0" encoding="UTF-8"?>
<!-- Generated by org.testng.reporters.JUnitReportReporter -->
<testsuite hostname="apzz0928-PC" name="gameAccountMng_Selenide" tests="4" failures="0" timestamp="20 Sep 2017 09:55:32 GMT" time="62.350" errors="0">
  <testcase name="clan" time="26.993" classname="gameAccountMng_Selenide"/>
  <testcase name="accountBlock" time="25.578" classname="gameAccountMng_Selenide"/>
  <testcase name="Login" time="3.404" classname="gameAccountMng_Selenide"/>
  <testcase name="accountSearch" time="6.375" classname="gameAccountMng_Selenide"/>
</testsuite> <!-- gameAccountMng_Selenide -->
