<?xml version="1.0" encoding="UTF-8"?>
<!-- Generated by org.testng.reporters.JUnitReportReporter -->
<testsuite hostname="apzz0928-PC" name="authMng_Selenide" tests="14" failures="0" timestamp="20 Sep 2017 09:55:32 GMT" time="38.837" errors="0">
  <testcase name="authorityMenu_keywordSearch" time="0.454" classname="authMng_Selenide"/>
  <testcase name="groupListByAdmin" time="1.622" classname="authMng_Selenide"/>
  <testcase name="authorityMenu_detailMenu_menuOrder" time="1.844" classname="authMng_Selenide"/>
  <testcase name="Login" time="3.583" classname="authMng_Selenide"/>
  <testcase name="ctMember_addMember_add" time="3.096" classname="authMng_Selenide"/>
  <testcase name="authorityGroupMng_Menu" time="4.460" classname="authMng_Selenide"/>
  <testcase name="authorityGroupMng_Member" time="1.549" classname="authMng_Selenide"/>
  <testcase name="authorityMenu_groupOrder" time="4.379" classname="authMng_Selenide"/>
  <testcase name="ctActionLog" time="7.837" classname="authMng_Selenide"/>
  <testcase name="ctMember_addMember_edit" time="2.370" classname="authMng_Selenide"/>
  <testcase name="ctMember_addMember_resetPW_del" time="2.092" classname="authMng_Selenide"/>
  <testcase name="authorityMenu_detailMenu_edit" time="2.066" classname="authMng_Selenide"/>
  <testcase name="authorityMenu_detailMenu_del" time="1.010" classname="authMng_Selenide"/>
  <testcase name="authorityMenu_detailMenu_add" time="2.475" classname="authMng_Selenide"/>
</testsuite> <!-- authMng_Selenide -->
