<?xml version="1.0" encoding="UTF-8"?>
<!-- Generated by org.testng.reporters.JUnitReportReporter -->
<testsuite hostname="apzz0928-PC" name="gameAccountMng_Selenide" tests="6" failures="0" timestamp="24 Oct 2017 01:58:11 GMT" time="84.551" errors="0">
  <testcase name="accountBlock" time="25.773" classname="gameAccountMng_Selenide"/>
  <testcase name="accountBlock" time="38.468" classname="gameAccountMng_Selenide"/>
  <testcase name="accountSearch" time="6.948" classname="gameAccountMng_Selenide"/>
  <testcase name="Login" time="3.660" classname="gameAccountMng_Selenide"/>
  <testcase name="Login" time="3.194" classname="gameAccountMng_Selenide"/>
  <testcase name="accountSearch" time="6.508" classname="gameAccountMng_Selenide"/>
</testsuite> <!-- gameAccountMng_Selenide -->
