<?xml version="1.0" encoding="UTF-8"?>
<!-- Generated by org.testng.reporters.JUnitReportReporter -->
<testsuite hostname="apzz0928-PC" name="gameAccountMng_Selenide" tests="6" failures="0" timestamp="27 Sep 2017 05:33:17 GMT" time="92.587" errors="0">
  <testcase name="accountSearch" time="7.072" classname="gameAccountMng_Selenide"/>
  <testcase name="Login" time="3.025" classname="gameAccountMng_Selenide"/>
  <testcase name="accountBlock" time="26.472" classname="gameAccountMng_Selenide"/>
  <testcase name="accountSearch" time="7.233" classname="gameAccountMng_Selenide"/>
  <testcase name="Login" time="4.224" classname="gameAccountMng_Selenide"/>
  <testcase name="accountBlock" time="44.561" classname="gameAccountMng_Selenide"/>
</testsuite> <!-- gameAccountMng_Selenide -->
