<?xml version="1.0" encoding="UTF-8"?>
<!-- Generated by org.testng.reporters.JUnitReportReporter -->
<testsuite hostname="apzz0928-PC" name="gameAccountMng_Selenide" tests="6" failures="0" timestamp="26 Sep 2017 08:30:16 GMT" time="93.523" errors="0">
  <testcase name="Login" time="3.423" classname="gameAccountMng_Selenide"/>
  <testcase name="Login" time="4.068" classname="gameAccountMng_Selenide"/>
  <testcase name="accountSearch" time="7.072" classname="gameAccountMng_Selenide"/>
  <testcase name="accountSearch" time="7.272" classname="gameAccountMng_Selenide"/>
  <testcase name="accountBlock" time="44.295" classname="gameAccountMng_Selenide"/>
  <testcase name="accountBlock" time="27.393" classname="gameAccountMng_Selenide"/>
</testsuite> <!-- gameAccountMng_Selenide -->
