<?xml version="1.0" encoding="UTF-8"?>
<!-- Generated by org.testng.reporters.JUnitReportReporter -->
<testsuite hostname="apzz0928-PC" name="gameAccountMng_Selenide" tests="6" failures="0" timestamp="17 Oct 2017 03:03:12 GMT" time="89.182" errors="0">
  <testcase name="accountSearch" time="6.811" classname="gameAccountMng_Selenide"/>
  <testcase name="accountBlock" time="25.579" classname="gameAccountMng_Selenide"/>
  <testcase name="accountSearch" time="7.383" classname="gameAccountMng_Selenide"/>
  <testcase name="Login" time="3.443" classname="gameAccountMng_Selenide"/>
  <testcase name="Login" time="4.422" classname="gameAccountMng_Selenide"/>
  <testcase name="accountBlock" time="41.544" classname="gameAccountMng_Selenide"/>
</testsuite> <!-- gameAccountMng_Selenide -->
