<?xml version="1.0" encoding="UTF-8"?>
<!-- Generated by org.testng.reporters.JUnitReportReporter -->
<testsuite hostname="apzz0928-PC" name="gameAccountMng_Selenide" tests="6" failures="0" timestamp="27 Sep 2017 07:13:50 GMT" time="88.513" errors="0">
  <testcase name="accountSearch" time="6.400" classname="gameAccountMng_Selenide"/>
  <testcase name="Login" time="3.521" classname="gameAccountMng_Selenide"/>
  <testcase name="Login" time="3.616" classname="gameAccountMng_Selenide"/>
  <testcase name="accountBlock" time="41.385" classname="gameAccountMng_Selenide"/>
  <testcase name="accountSearch" time="7.250" classname="gameAccountMng_Selenide"/>
  <testcase name="accountBlock" time="26.341" classname="gameAccountMng_Selenide"/>
</testsuite> <!-- gameAccountMng_Selenide -->
