<?xml version="1.0" encoding="UTF-8"?>
<!-- Generated by org.testng.reporters.JUnitReportReporter -->
<testsuite hostname="apzz0928-PC" name="gameMng_Selenide" tests="28" failures="0" timestamp="17 Oct 2017 05:29:48 GMT" time="240.876" errors="0">
  <testcase name="Login" time="3.259" classname="gameMng_Selenide"/>
  <testcase name="ingameNotice_statusChange" time="9.067" classname="gameMng_Selenide"/>
  <testcase name="ingameNotice_statusChange" time="6.586" classname="gameMng_Selenide"/>
  <testcase name="mailout" time="2.516" classname="gameMng_Selenide"/>
  <testcase name="burningEvent" time="10.072" classname="gameMng_Selenide"/>
  <testcase name="pvpSchedule" time="13.671" classname="gameMng_Selenide"/>
  <testcase name="semdMail" time="7.672" classname="gameMng_Selenide"/>
  <testcase name="slangWord" time="16.493" classname="gameMng_Selenide"/>
  <testcase name="serverStatus" time="8.494" classname="gameMng_Selenide"/>
  <testcase name="systemMessage" time="10.088" classname="gameMng_Selenide"/>
  <testcase name="ingameNotice_add" time="7.361" classname="gameMng_Selenide"/>
  <testcase name="burningEvent" time="6.503" classname="gameMng_Selenide"/>
  <testcase name="serverStatus" time="12.792" classname="gameMng_Selenide"/>
  <testcase name="Login" time="4.262" classname="gameMng_Selenide"/>
  <testcase name="mailout" time="2.116" classname="gameMng_Selenide"/>
  <testcase name="kickUser" time="3.365" classname="gameMng_Selenide"/>
  <testcase name="limitDrop" time="7.931" classname="gameMng_Selenide"/>
  <testcase name="onlineUser" time="1.872" classname="gameMng_Selenide"/>
  <testcase name="ingameGuide" time="10.262" classname="gameMng_Selenide"/>
  <testcase name="limitDrop" time="10.994" classname="gameMng_Selenide"/>
  <testcase name="slangWord" time="22.594" classname="gameMng_Selenide"/>
  <testcase name="systemMessage" time="16.348" classname="gameMng_Selenide"/>
  <testcase name="onlineUser" time="5.020" classname="gameMng_Selenide"/>
  <testcase name="kickUser" time="2.330" classname="gameMng_Selenide"/>
  <testcase name="ingameNotice_add" time="7.157" classname="gameMng_Selenide"/>
  <testcase name="semdMail" time="7.542" classname="gameMng_Selenide"/>
  <testcase name="ingameGuide" time="8.289" classname="gameMng_Selenide"/>
  <testcase name="pvpSchedule" time="16.220" classname="gameMng_Selenide"/>
</testsuite> <!-- gameMng_Selenide -->
