<?xml version="1.0" encoding="UTF-8"?>
<!-- Generated by org.testng.reporters.JUnitReportReporter -->
<testsuite hostname="apzz0928-PC" name="SonarTest" tests="1" failures="0" timestamp="31 Aug 2017 05:24:34 GMT" time="9.623" errors="0">
  <testcase name="Login" time="9.623" classname="SonarTest"/>
</testsuite> <!-- SonarTest -->
